\BOOKMARK [0][-]{chapter*.6}{Kurzfassung}{}% 1
\BOOKMARK [0][-]{chapter*.8}{Abstract}{}% 2
\BOOKMARK [0][-]{section*.10}{Contents}{}% 3
\BOOKMARK [0][-]{chapter.1}{Introduction}{}% 4
\BOOKMARK [1][-]{section.1.1}{Problem Description}{chapter.1}% 5
\BOOKMARK [1][-]{section.1.2}{Aim of this Work}{chapter.1}% 6
\BOOKMARK [0][-]{chapter.2}{Related Work}{}% 7
\BOOKMARK [1][-]{section.2.1}{Reproducibility}{chapter.2}% 8
\BOOKMARK [1][-]{section.2.2}{Related Work in the EO Sciences}{chapter.2}% 9
\BOOKMARK [1][-]{section.2.3}{Related Tools}{chapter.2}% 10
\BOOKMARK [1][-]{section.2.4}{OpenEO Details}{chapter.2}% 11
\BOOKMARK [0][-]{chapter.3}{Design}{}% 12
\BOOKMARK [1][-]{section.3.1}{Back end provenance}{chapter.3}% 13
\BOOKMARK [1][-]{section.3.2}{Job dependent provenance}{chapter.3}% 14
\BOOKMARK [1][-]{section.3.3}{User Information}{chapter.3}% 15
\BOOKMARK [1][-]{section.3.4}{Overview of OpenEO Suggestions}{chapter.3}% 16
\BOOKMARK [0][-]{chapter.4}{Implementation}{}% 17
\BOOKMARK [1][-]{section.4.1}{The EODC Backend}{chapter.4}% 18
\BOOKMARK [1][-]{section.4.2}{Job Independent Context}{chapter.4}% 19
\BOOKMARK [1][-]{section.4.3}{Job Dependent Context}{chapter.4}% 20
\BOOKMARK [1][-]{section.4.4}{User Interface}{chapter.4}% 21
\BOOKMARK [1][-]{section.4.5}{Overview of Changes}{chapter.4}% 22
\BOOKMARK [0][-]{chapter.5}{Evaluation}{}% 23
\BOOKMARK [1][-]{section.5.1}{Use Cases}{chapter.5}% 24
\BOOKMARK [1][-]{section.5.2}{Using Python Client}{chapter.5}% 25
\BOOKMARK [0][-]{chapter.6}{Conclusion and future Work}{}% 26
\BOOKMARK [0][-]{section*.27}{List of Figures}{}% 27
\BOOKMARK [0][-]{section*.28}{List of Tables}{}% 28
